<?xml version="1.0" encoding="UTF-8"?>
<!-- Generated by org.testng.reporters.JUnitReportReporter -->
<testsuite hostname="Chitras-MacBook-Air.local" failures="0" tests="1" name="com.initbanking.testCases.TC_LoginTest_001" time="1.672" errors="0" timestamp="2022-11-23T11:43:01 PST" skipped="0">
  <testcase classname="com.initbanking.testCases.TC_LoginTest_001" name="loginTest" time="1.672"/>
  <system-out/>
</testsuite> <!-- com.initbanking.testCases.TC_LoginTest_001 -->
